<?xml version="1.0" encoding="UTF-8"?>
<!-- Generated by org.testng.reporters.JUnitReportReporter -->
<testsuite skipped="0" hostname="Hilmi" name="com.testing.qa.ProstasiaWeb.Runner" tests="2" failures="0" timestamp="2022-10-24T14:04:08 ICT" time="7.382" errors="0">
  <testcase name="openPage" time="3.736" classname="com.testing.qa.ProstasiaWeb.Runner"/>
  <system-out/>
  <testcase name="testLogin" time="3.646" classname="com.testing.qa.ProstasiaWeb.Runner"/>
  <system-out/>
</testsuite> <!-- com.testing.qa.ProstasiaWeb.Runner -->
